<?xml version="1.0" encoding="UTF-8"?>
<testng-results ignored="0" total="1" passed="1" failed="0" skipped="0">
  <reporter-output>
  </reporter-output>
  <suite started-at="2024-08-30T17:38:13 IST" name="Default suite" finished-at="2024-08-30T17:38:32 IST" duration-ms="18958">
    <groups>
    </groups>
    <test started-at="2024-08-30T17:38:13 IST" name="Default test" finished-at="2024-08-30T17:38:32 IST" duration-ms="18958">
      <class name="Test_Case_File.TestCase">
        <test-method is-config="true" signature="browserLaunch()[pri:0, instance:Test_Case_File.TestCase@49438269]" started-at="2024-08-30T17:38:13 IST" name="browserLaunch" finished-at="2024-08-30T17:38:25 IST" duration-ms="11787" status="PASS">
          <reporter-output>
          </reporter-output>
        </test-method> <!-- browserLaunch -->
        <test-method signature="loginCase(java.lang.String,java.lang.String)[pri:0, instance:Test_Case_File.TestCase@49438269]" started-at="2024-08-30T17:38:26 IST" name="loginCase" data-provider="DataPro" finished-at="2024-08-30T17:38:32 IST" duration-ms="5529" status="PASS">
          <params>
            <param index="0">
              <value>
                <![CDATA[student]]>
              </value>
            </param>
            <param index="1">
              <value>
                <![CDATA[Password123]]>
              </value>
            </param>
          </params>
          <reporter-output>
          </reporter-output>
        </test-method> <!-- loginCase -->
      </class> <!-- Test_Case_File.TestCase -->
    </test> <!-- Default test -->
  </suite> <!-- Default suite -->
</testng-results>
